2026-02-06 18:11:47 - INFO - ==================================================
2026-02-06 18:11:47 - INFO - 初始化财经新闻采集调度器
2026-02-06 18:11:47 - INFO - 项目根目录: C:\Users\xiefe\PycharmProjects\finance_news_collector
2026-02-06 18:11:47 - INFO - ==================================================
2026-02-06 18:11:47 - WARNING - ⚠️  使用简化版钉钉推送器
2026-02-06 18:11:47 - WARNING - ⚠️  使用简化版新闻分析器
2026-02-06 18:11:47 - INFO - ✅ 东方财富采集器可用
2026-02-06 18:11:47 - INFO - ✅ 调度管理器初始化完成
2026-02-06 18:11:47 - INFO - 📡 开始执行采集任务...
2026-02-06 18:11:47 - ERROR - 新闻采集失败: 'EastMoneyCollector' object has no attribute 'collect'
2026-02-06 18:13:39 - INFO - ==================================================
2026-02-06 18:13:39 - INFO - 初始化财经新闻采集调度器
2026-02-06 18:13:39 - INFO - 项目根目录: C:\Users\xiefe\PycharmProjects\finance_news_collector
2026-02-06 18:13:39 - INFO - ==================================================
2026-02-06 18:13:39 - WARNING - ⚠️  使用简化版钉钉推送器
2026-02-06 18:13:39 - WARNING - ⚠️  使用简化版新闻分析器
2026-02-06 18:13:39 - INFO - ✅ 东方财富采集器可用
2026-02-06 18:13:39 - INFO - ✅ 调度管理器初始化完成
2026-02-06 18:22:15 - INFO - ==================================================
2026-02-06 18:22:15 - INFO - 初始化财经新闻采集调度器
2026-02-06 18:22:15 - INFO - 项目根目录: C:\Users\xiefe\PycharmProjects\finance_news_collector
2026-02-06 18:22:15 - INFO - ==================================================
2026-02-06 18:22:15 - WARNING - ⚠️  使用简化版钉钉推送器
2026-02-06 18:22:15 - INFO - ✅ 新闻分析器初始化成功
2026-02-06 18:22:15 - INFO - ✅ 东方财富采集器可用
2026-02-06 18:22:15 - INFO - ✅ 调度管理器初始化完成
2026-02-06 18:22:15 - INFO - 📡 开始执行采集任务...
2026-02-06 18:22:15 - INFO - 使用采集器方法: fetch_news()
2026-02-06 18:22:15 - INFO - 成功采集到 10 条新闻
2026-02-06 18:22:15 - INFO - ========================================
2026-02-06 18:22:15 - INFO - 📊 任务完成统计:
2026-02-06 18:22:15 - INFO -    采集: 10 条
2026-02-06 18:22:15 - INFO -    处理: 10 条
2026-02-06 18:22:15 - INFO -    推送: 0 条
2026-02-06 18:22:15 - INFO -    耗时: 0.60 秒
2026-02-06 18:22:15 - INFO - ========================================
2026-02-06 18:32:09 - INFO - ==================================================
2026-02-06 18:32:09 - INFO - 初始化财经新闻采集调度器
2026-02-06 18:32:09 - INFO - 项目根目录: C:\Users\xiefe\PycharmProjects\finance_news_collector
2026-02-06 18:32:09 - INFO - ==================================================
2026-02-06 18:32:09 - WARNING - ⚠️  使用简化版钉钉推送器
2026-02-06 18:32:09 - INFO - ✅ 新闻分析器初始化成功
2026-02-06 18:32:09 - INFO - ✅ 东方财富采集器可用
2026-02-06 18:32:09 - INFO - ✅ 调度管理器初始化完成
2026-02-06 18:32:09 - INFO - 📡 开始执行采集任务...
2026-02-06 18:32:09 - INFO - 使用采集器方法: fetch_news()
2026-02-06 18:32:09 - INFO - 成功采集到 10 条新闻
2026-02-06 18:32:09 - INFO - ========================================
2026-02-06 18:32:09 - INFO - 📊 任务完成统计:
2026-02-06 18:32:09 - INFO -    采集: 10 条
2026-02-06 18:32:09 - INFO -    处理: 10 条
2026-02-06 18:32:09 - INFO -    推送: 0 条
2026-02-06 18:32:09 - INFO -    耗时: 0.59 秒
2026-02-06 18:32:09 - INFO - ========================================
2026-02-06 18:34:19 - INFO - ==================================================
2026-02-06 18:34:19 - INFO - 初始化财经新闻采集调度器
2026-02-06 18:34:19 - INFO - 项目根目录: C:\Users\xiefe\PycharmProjects\finance_news_collector
2026-02-06 18:34:19 - INFO - ==================================================
2026-02-06 18:34:19 - WARNING - ⚠️  使用简化版钉钉推送器
2026-02-06 18:34:19 - INFO - ✅ 新闻分析器初始化成功
2026-02-06 18:34:19 - INFO - ✅ 东方财富采集器可用
2026-02-06 18:34:19 - INFO - ✅ 调度管理器初始化完成
2026-02-06 18:34:19 - INFO - 📡 开始执行采集任务...
2026-02-06 18:34:19 - INFO - 使用采集器方法: fetch_news()
2026-02-06 18:34:20 - INFO - 成功采集到 10 条新闻
2026-02-06 18:34:20 - INFO - ========================================
2026-02-06 18:34:20 - INFO - 📊 任务完成统计:
2026-02-06 18:34:20 - INFO -    采集: 10 条
2026-02-06 18:34:20 - INFO -    处理: 10 条
2026-02-06 18:34:20 - INFO -    推送: 0 条
2026-02-06 18:34:20 - INFO -    耗时: 0.57 秒
2026-02-06 18:34:20 - INFO - ========================================
