2026-01-26 18:00:10 - 新闻采集器 - INFO - 开始批量采集，共 3 个新闻源
2026-01-26 18:00:10 - 新闻采集器 - INFO - 采集: 东方财富
2026-01-26 18:00:12 - 新闻采集器 - INFO - 采集: 新浪财经
2026-01-26 18:00:15 - 新闻采集器 - INFO - 采集: 网易财经
2026-01-26 18:00:15 - 新闻采集器 - INFO - 批量采集完成
2026-01-26 18:00:15 - 新闻采集器 - INFO - 报告已保存: data/采集报告_20260126_180015.json
2026-01-26 18:25:58 - 新闻采集器 - INFO - 开始批量采集，共 3 个新闻源
2026-01-26 18:25:58 - 新闻采集器 - INFO - 采集: 东方财富网快讯
2026-01-26 18:26:00 - 新闻采集器 - INFO - 采集: 证券时报快讯
2026-01-26 18:26:02 - 新闻采集器 - INFO - 采集: 新浪财经7x24
2026-01-26 18:26:02 - 新闻采集器 - INFO - 批量采集完成
2026-01-26 18:26:02 - 新闻采集器 - INFO - 报告已保存: data/采集报告_20260126_182602.json
2026-01-26 18:29:23 - 新闻采集器 - ERROR - 系统运行失败: '新闻源配置' object has no attribute 'get'
Traceback (most recent call last):
  File "C:\Users\xiefe\PycharmProjects\finance_news_collector\main.py", line 407, in 主函数
    原始结果 = 运行所有采集器()
               ~~~~~~~~~~~~~~^^
  File "C:\Users\xiefe\PycharmProjects\finance_news_collector\main.py", line 312, in 运行所有采集器
    启用新闻源 = [源 for 源 in 新闻源列表 if 源.get('启用', True)]
                                             ^^^^^^
AttributeError: '新闻源配置' object has no attribute 'get'
2026-01-26 18:38:11 - 新闻采集器 - INFO - 开始批量采集，共 3 个新闻源
2026-01-26 18:38:11 - 新闻采集器 - INFO - 采集: 东方财富网快讯
2026-01-26 18:38:11 - 新闻采集器 - ERROR - 采集失败: 'dict' object has no attribute '名称'
2026-01-26 18:38:13 - 新闻采集器 - INFO - 采集: 证券时报快讯
2026-01-26 18:38:13 - 新闻采集器 - ERROR - 采集失败: 'dict' object has no attribute '名称'
2026-01-26 18:38:15 - 新闻采集器 - INFO - 采集: 新浪财经7x24
2026-01-26 18:38:15 - 新闻采集器 - ERROR - 采集失败: 'dict' object has no attribute '名称'
2026-01-26 18:38:15 - 新闻采集器 - INFO - 批量采集完成
2026-01-26 18:38:15 - 新闻采集器 - INFO - 报告已保存: data/采集报告_20260126_183815.json
